{"C:\\Users\\cristianbetancourth\\Desktop\\Semillero\\Entregables\\Mes 3\\Jenkins Shraed Libreries\\app\\react-unit\\react-unit\\src\\utils\\date.js": {"path":"C:\\Users\\cristianbetancourth\\Desktop\\Semillero\\Entregables\\Mes 3\\Jenkins Shraed Libreries\\app\\react-unit\\react-unit\\src\\utils\\date.js","statementMap":{"0":{"start":{"line":1,"column":27},"end":{"line":3,"column":1}},"1":{"start":{"line":2,"column":4},"end":{"line":2,"column":45}}},"fnMap":{"0":{"name":"(anonymous_0)","decl":{"start":{"line":1,"column":27},"end":{"line":1,"column":28}},"loc":{"start":{"line":1,"column":45},"end":{"line":3,"column":1}},"line":1}},"branchMap":{},"s":{"0":1,"1":1},"f":{"0":1},"b":{},"_coverageSchema":"1a1c01bbd47fc00a2c39e90264f33305004495a9","hash":"888cff781faabaaf969ff13986f9d3ba5512de48"}
,"C:\\Users\\cristianbetancourth\\Desktop\\Semillero\\Entregables\\Mes 3\\Jenkins Shraed Libreries\\app\\react-unit\\react-unit\\src\\utils\\index.js": {"path":"C:\\Users\\cristianbetancourth\\Desktop\\Semillero\\Entregables\\Mes 3\\Jenkins Shraed Libreries\\app\\react-unit\\react-unit\\src\\utils\\index.js","statementMap":{"0":{"start":{"line":6,"column":26},"end":{"line":10,"column":1}},"1":{"start":{"line":7,"column":12},"end":{"line":7,"column":13}},"2":{"start":{"line":8,"column":2},"end":{"line":8,"column":51}},"3":{"start":{"line":8,"column":30},"end":{"line":8,"column":50}},"4":{"start":{"line":9,"column":2},"end":{"line":9,"column":12}}},"fnMap":{"0":{"name":"(anonymous_0)","decl":{"start":{"line":6,"column":26},"end":{"line":6,"column":27}},"loc":{"start":{"line":6,"column":40},"end":{"line":10,"column":1}},"line":6},"1":{"name":"(anonymous_1)","decl":{"start":{"line":8,"column":19},"end":{"line":8,"column":20}},"loc":{"start":{"line":8,"column":30},"end":{"line":8,"column":50}},"line":8}},"branchMap":{},"s":{"0":1,"1":3,"2":3,"3":3,"4":3},"f":{"0":3,"1":3},"b":{},"_coverageSchema":"1a1c01bbd47fc00a2c39e90264f33305004495a9","hash":"12536a4c05a3d0ad8f3ab157ea5fd39e9b984763"}
}
