TN:
SF:src\Components\OrdersCard\index.jsx
FN:3,(anonymous_0)
FNF:1
FNH:1
FNDA:2,(anonymous_0)
DA:3,1
DA:4,2
DA:6,2
DA:22,1
LF:4
LH:4
BRF:0
BRH:0
end_of_record
TN:
SF:src\Context\index.jsx
FN:5,(anonymous_0)
FN:11,(anonymous_1)
FN:12,(anonymous_2)
FN:16,(anonymous_3)
FN:17,(anonymous_4)
FN:38,(anonymous_5)
FN:40,(anonymous_6)
FN:41,(anonymous_7)
FN:44,(anonymous_8)
FN:45,(anonymous_9)
FN:48,(anonymous_10)
FN:49,(anonymous_11)
FN:52,(anonymous_12)
FN:62,(anonymous_13)
FN:70,(anonymous_14)
FNF:15
FNH:2
FNDA:2,(anonymous_0)
FNDA:0,(anonymous_1)
FNDA:0,(anonymous_2)
FNDA:0,(anonymous_3)
FNDA:0,(anonymous_4)
FNDA:2,(anonymous_5)
FNDA:0,(anonymous_6)
FNDA:0,(anonymous_7)
FNDA:0,(anonymous_8)
FNDA:0,(anonymous_9)
FNDA:0,(anonymous_10)
FNDA:0,(anonymous_11)
FNDA:0,(anonymous_12)
FNDA:0,(anonymous_13)
FNDA:0,(anonymous_14)
DA:3,1
DA:5,1
DA:7,2
DA:10,2
DA:11,2
DA:12,2
DA:15,2
DA:16,2
DA:17,2
DA:20,2
DA:23,2
DA:26,2
DA:29,2
DA:30,2
DA:33,2
DA:36,2
DA:38,2
DA:39,2
DA:40,0
DA:41,0
DA:44,2
DA:45,0
DA:48,2
DA:49,0
DA:52,2
DA:53,0
DA:54,0
DA:57,0
DA:58,0
DA:61,0
DA:62,0
DA:65,0
DA:66,0
DA:70,2
DA:71,0
DA:72,0
DA:73,0
DA:74,0
DA:77,2
LF:39
LH:23
BRDA:53,0,0,0
BRDA:53,0,1,0
BRDA:57,1,0,0
BRDA:57,1,1,0
BRDA:61,2,0,0
BRDA:61,2,1,0
BRDA:65,3,0,0
BRDA:65,3,1,0
BRDA:71,4,0,0
BRDA:71,4,1,0
BRDA:71,5,0,0
BRDA:71,5,1,0
BRDA:72,6,0,0
BRDA:72,6,1,0
BRDA:72,7,0,0
BRDA:72,7,1,0
BRDA:73,8,0,0
BRDA:73,8,1,0
BRDA:73,9,0,0
BRDA:73,9,1,0
BRDA:74,10,0,0
BRDA:74,10,1,0
BRDA:74,11,0,0
BRDA:74,11,1,0
BRF:24
BRH:0
end_of_record
TN:
SF:src\utils\date.js
FN:1,(anonymous_0)
FNF:1
FNH:1
FNDA:1,(anonymous_0)
DA:1,1
DA:2,1
LF:2
LH:2
BRF:0
BRH:0
end_of_record
TN:
SF:src\utils\index.js
FN:6,(anonymous_0)
FN:8,(anonymous_1)
FNF:2
FNH:2
FNDA:3,(anonymous_0)
FNDA:3,(anonymous_1)
DA:6,1
DA:7,3
DA:8,3
DA:9,3
LF:4
LH:4
BRF:0
BRH:0
end_of_record
