<?xml version="1.0" encoding="UTF-8"?>
<testExecutions version="1">
  <file path="C:\Users\cristianbetancourth\Desktop\Semillero\Entregables\Mes 3\Jenkins Shraed Libreries\app\react-unit\react-unit\src\__test__\index.test.js">
    <testCase name="totalPrice should return 0 when no product is passed" duration="22"/>
    <testCase name="totalPrice should return the total price of a single product" duration="3"/>
    <testCase name="totalPrice should return the total price of multiple products" duration="2"/>
  </file>
  <file path="C:\Users\cristianbetancourth\Desktop\Semillero\Entregables\Mes 3\Jenkins Shraed Libreries\app\react-unit\react-unit\src\__test__\date.test.js">
    <testCase name="compareDate should return true if the second date is greater than the first date" duration="23"/>
  </file>
  <file path="C:\Users\cristianbetancourth\Desktop\Semillero\Entregables\Mes 3\Jenkins Shraed Libreries\app\react-unit\react-unit\src\__test__\indexContext.test.js">
    <testCase name="ShoppingCartProvider renders children and provides context values" duration="196">
      <failure message="ReferenceError: fetch is not defined"><![CDATA[ReferenceError: fetch is not defined
    at fetch (C:\Users\cristianbetancourth\Desktop\Semillero\Entregables\Mes 3\Jenkins Shraed Libreries\app\react-unit\react-unit\src\Context\index.jsx:39:5)
    at commitHookEffectListMount (C:\Users\cristianbetancourth\Desktop\Semillero\Entregables\Mes 3\Jenkins Shraed Libreries\app\react-unit\react-unit\node_modules\react-dom\cjs\react-dom.development.js:23150:26)
    at commitPassiveMountOnFiber (C:\Users\cristianbetancourth\Desktop\Semillero\Entregables\Mes 3\Jenkins Shraed Libreries\app\react-unit\react-unit\node_modules\react-dom\cjs\react-dom.development.js:24931:11)
    at commitPassiveMountEffects_complete (C:\Users\cristianbetancourth\Desktop\Semillero\Entregables\Mes 3\Jenkins Shraed Libreries\app\react-unit\react-unit\node_modules\react-dom\cjs\react-dom.development.js:24891:9)
    at commitPassiveMountEffects_begin (C:\Users\cristianbetancourth\Desktop\Semillero\Entregables\Mes 3\Jenkins Shraed Libreries\app\react-unit\react-unit\node_modules\react-dom\cjs\react-dom.development.js:24878:7)
    at commitPassiveMountEffects (C:\Users\cristianbetancourth\Desktop\Semillero\Entregables\Mes 3\Jenkins Shraed Libreries\app\react-unit\react-unit\node_modules\react-dom\cjs\react-dom.development.js:24866:3)
    at flushPassiveEffectsImpl (C:\Users\cristianbetancourth\Desktop\Semillero\Entregables\Mes 3\Jenkins Shraed Libreries\app\react-unit\react-unit\node_modules\react-dom\cjs\react-dom.development.js:27039:3)
    at flushPassiveEffects (C:\Users\cristianbetancourth\Desktop\Semillero\Entregables\Mes 3\Jenkins Shraed Libreries\app\react-unit\react-unit\node_modules\react-dom\cjs\react-dom.development.js:26984:14)
    at C:\Users\cristianbetancourth\Desktop\Semillero\Entregables\Mes 3\Jenkins Shraed Libreries\app\react-unit\react-unit\node_modules\react-dom\cjs\react-dom.development.js:26769:9
    at flushActQueue (C:\Users\cristianbetancourth\Desktop\Semillero\Entregables\Mes 3\Jenkins Shraed Libreries\app\react-unit\react-unit\node_modules\react\cjs\react.development.js:2667:24)
    at act (C:\Users\cristianbetancourth\Desktop\Semillero\Entregables\Mes 3\Jenkins Shraed Libreries\app\react-unit\react-unit\node_modules\react\cjs\react.development.js:2582:11)
    at C:\Users\cristianbetancourth\Desktop\Semillero\Entregables\Mes 3\Jenkins Shraed Libreries\app\react-unit\react-unit\node_modules\@testing-library\react\dist\act-compat.js:46:25
    at renderRoot (C:\Users\cristianbetancourth\Desktop\Semillero\Entregables\Mes 3\Jenkins Shraed Libreries\app\react-unit\react-unit\node_modules\@testing-library\react\dist\pure.js:161:26)
    at render (C:\Users\cristianbetancourth\Desktop\Semillero\Entregables\Mes 3\Jenkins Shraed Libreries\app\react-unit\react-unit\node_modules\@testing-library\react\dist\pure.js:247:10)
    at Object.<anonymous> (C:\Users\cristianbetancourth\Desktop\Semillero\Entregables\Mes 3\Jenkins Shraed Libreries\app\react-unit\react-unit\src\__test__\indexContext.test.js:8:11)
    at Promise.then.completed (C:\Users\cristianbetancourth\Desktop\Semillero\Entregables\Mes 3\Jenkins Shraed Libreries\app\react-unit\react-unit\node_modules\jest-circus\build\utils.js:298:28)
    at new Promise (<anonymous>)
    at callAsyncCircusFn (C:\Users\cristianbetancourth\Desktop\Semillero\Entregables\Mes 3\Jenkins Shraed Libreries\app\react-unit\react-unit\node_modules\jest-circus\build\utils.js:231:10)
    at _callCircusTest (C:\Users\cristianbetancourth\Desktop\Semillero\Entregables\Mes 3\Jenkins Shraed Libreries\app\react-unit\react-unit\node_modules\jest-circus\build\run.js:316:40)
    at processTicksAndRejections (node:internal/process/task_queues:95:5)
    at _runTest (C:\Users\cristianbetancourth\Desktop\Semillero\Entregables\Mes 3\Jenkins Shraed Libreries\app\react-unit\react-unit\node_modules\jest-circus\build\run.js:252:3)
    at _runTestsForDescribeBlock (C:\Users\cristianbetancourth\Desktop\Semillero\Entregables\Mes 3\Jenkins Shraed Libreries\app\react-unit\react-unit\node_modules\jest-circus\build\run.js:126:9)
    at _runTestsForDescribeBlock (C:\Users\cristianbetancourth\Desktop\Semillero\Entregables\Mes 3\Jenkins Shraed Libreries\app\react-unit\react-unit\node_modules\jest-circus\build\run.js:121:9)
    at run (C:\Users\cristianbetancourth\Desktop\Semillero\Entregables\Mes 3\Jenkins Shraed Libreries\app\react-unit\react-unit\node_modules\jest-circus\build\run.js:71:3)
    at runAndTransformResultsToJestFormat (C:\Users\cristianbetancourth\Desktop\Semillero\Entregables\Mes 3\Jenkins Shraed Libreries\app\react-unit\react-unit\node_modules\jest-circus\build\legacy-code-todo-rewrite\jestAdapterInit.js:122:21)
    at jestAdapter (C:\Users\cristianbetancourth\Desktop\Semillero\Entregables\Mes 3\Jenkins Shraed Libreries\app\react-unit\react-unit\node_modules\jest-circus\build\legacy-code-todo-rewrite\jestAdapter.js:79:19)
    at runTestInternal (C:\Users\cristianbetancourth\Desktop\Semillero\Entregables\Mes 3\Jenkins Shraed Libreries\app\react-unit\react-unit\node_modules\jest-runner\build\runTest.js:367:16)
    at runTest (C:\Users\cristianbetancourth\Desktop\Semillero\Entregables\Mes 3\Jenkins Shraed Libreries\app\react-unit\react-unit\node_modules\jest-runner\build\runTest.js:444:34)
    at Object.worker (C:\Users\cristianbetancourth\Desktop\Semillero\Entregables\Mes 3\Jenkins Shraed Libreries\app\react-unit\react-unit\node_modules\jest-runner\build\testWorker.js:106:12)]]></failure>
    </testCase>
    <testCase name="ShoppingCartProvider updates context values correctly" duration="21">
      <failure message="ReferenceError: fetch is not defined"><![CDATA[ReferenceError: fetch is not defined
    at fetch (C:\Users\cristianbetancourth\Desktop\Semillero\Entregables\Mes 3\Jenkins Shraed Libreries\app\react-unit\react-unit\src\Context\index.jsx:39:5)
    at commitHookEffectListMount (C:\Users\cristianbetancourth\Desktop\Semillero\Entregables\Mes 3\Jenkins Shraed Libreries\app\react-unit\react-unit\node_modules\react-dom\cjs\react-dom.development.js:23150:26)
    at commitPassiveMountOnFiber (C:\Users\cristianbetancourth\Desktop\Semillero\Entregables\Mes 3\Jenkins Shraed Libreries\app\react-unit\react-unit\node_modules\react-dom\cjs\react-dom.development.js:24931:11)
    at commitPassiveMountEffects_complete (C:\Users\cristianbetancourth\Desktop\Semillero\Entregables\Mes 3\Jenkins Shraed Libreries\app\react-unit\react-unit\node_modules\react-dom\cjs\react-dom.development.js:24891:9)
    at commitPassiveMountEffects_begin (C:\Users\cristianbetancourth\Desktop\Semillero\Entregables\Mes 3\Jenkins Shraed Libreries\app\react-unit\react-unit\node_modules\react-dom\cjs\react-dom.development.js:24878:7)
    at commitPassiveMountEffects (C:\Users\cristianbetancourth\Desktop\Semillero\Entregables\Mes 3\Jenkins Shraed Libreries\app\react-unit\react-unit\node_modules\react-dom\cjs\react-dom.development.js:24866:3)
    at flushPassiveEffectsImpl (C:\Users\cristianbetancourth\Desktop\Semillero\Entregables\Mes 3\Jenkins Shraed Libreries\app\react-unit\react-unit\node_modules\react-dom\cjs\react-dom.development.js:27039:3)
    at flushPassiveEffects (C:\Users\cristianbetancourth\Desktop\Semillero\Entregables\Mes 3\Jenkins Shraed Libreries\app\react-unit\react-unit\node_modules\react-dom\cjs\react-dom.development.js:26984:14)
    at C:\Users\cristianbetancourth\Desktop\Semillero\Entregables\Mes 3\Jenkins Shraed Libreries\app\react-unit\react-unit\node_modules\react-dom\cjs\react-dom.development.js:26769:9
    at flushActQueue (C:\Users\cristianbetancourth\Desktop\Semillero\Entregables\Mes 3\Jenkins Shraed Libreries\app\react-unit\react-unit\node_modules\react\cjs\react.development.js:2667:24)
    at act (C:\Users\cristianbetancourth\Desktop\Semillero\Entregables\Mes 3\Jenkins Shraed Libreries\app\react-unit\react-unit\node_modules\react\cjs\react.development.js:2582:11)
    at C:\Users\cristianbetancourth\Desktop\Semillero\Entregables\Mes 3\Jenkins Shraed Libreries\app\react-unit\react-unit\node_modules\@testing-library\react\dist\act-compat.js:46:25
    at renderRoot (C:\Users\cristianbetancourth\Desktop\Semillero\Entregables\Mes 3\Jenkins Shraed Libreries\app\react-unit\react-unit\node_modules\@testing-library\react\dist\pure.js:161:26)
    at render (C:\Users\cristianbetancourth\Desktop\Semillero\Entregables\Mes 3\Jenkins Shraed Libreries\app\react-unit\react-unit\node_modules\@testing-library\react\dist\pure.js:247:10)
    at Object.<anonymous> (C:\Users\cristianbetancourth\Desktop\Semillero\Entregables\Mes 3\Jenkins Shraed Libreries\app\react-unit\react-unit\src\__test__\indexContext.test.js:25:11)
    at Promise.then.completed (C:\Users\cristianbetancourth\Desktop\Semillero\Entregables\Mes 3\Jenkins Shraed Libreries\app\react-unit\react-unit\node_modules\jest-circus\build\utils.js:298:28)
    at new Promise (<anonymous>)
    at callAsyncCircusFn (C:\Users\cristianbetancourth\Desktop\Semillero\Entregables\Mes 3\Jenkins Shraed Libreries\app\react-unit\react-unit\node_modules\jest-circus\build\utils.js:231:10)
    at _callCircusTest (C:\Users\cristianbetancourth\Desktop\Semillero\Entregables\Mes 3\Jenkins Shraed Libreries\app\react-unit\react-unit\node_modules\jest-circus\build\run.js:316:40)
    at processTicksAndRejections (node:internal/process/task_queues:95:5)
    at _runTest (C:\Users\cristianbetancourth\Desktop\Semillero\Entregables\Mes 3\Jenkins Shraed Libreries\app\react-unit\react-unit\node_modules\jest-circus\build\run.js:252:3)
    at _runTestsForDescribeBlock (C:\Users\cristianbetancourth\Desktop\Semillero\Entregables\Mes 3\Jenkins Shraed Libreries\app\react-unit\react-unit\node_modules\jest-circus\build\run.js:126:9)
    at _runTestsForDescribeBlock (C:\Users\cristianbetancourth\Desktop\Semillero\Entregables\Mes 3\Jenkins Shraed Libreries\app\react-unit\react-unit\node_modules\jest-circus\build\run.js:121:9)
    at run (C:\Users\cristianbetancourth\Desktop\Semillero\Entregables\Mes 3\Jenkins Shraed Libreries\app\react-unit\react-unit\node_modules\jest-circus\build\run.js:71:3)
    at runAndTransformResultsToJestFormat (C:\Users\cristianbetancourth\Desktop\Semillero\Entregables\Mes 3\Jenkins Shraed Libreries\app\react-unit\react-unit\node_modules\jest-circus\build\legacy-code-todo-rewrite\jestAdapterInit.js:122:21)
    at jestAdapter (C:\Users\cristianbetancourth\Desktop\Semillero\Entregables\Mes 3\Jenkins Shraed Libreries\app\react-unit\react-unit\node_modules\jest-circus\build\legacy-code-todo-rewrite\jestAdapter.js:79:19)
    at runTestInternal (C:\Users\cristianbetancourth\Desktop\Semillero\Entregables\Mes 3\Jenkins Shraed Libreries\app\react-unit\react-unit\node_modules\jest-runner\build\runTest.js:367:16)
    at runTest (C:\Users\cristianbetancourth\Desktop\Semillero\Entregables\Mes 3\Jenkins Shraed Libreries\app\react-unit\react-unit\node_modules\jest-runner\build\runTest.js:444:34)
    at Object.worker (C:\Users\cristianbetancourth\Desktop\Semillero\Entregables\Mes 3\Jenkins Shraed Libreries\app\react-unit\react-unit\node_modules\jest-runner\build\testWorker.js:106:12)]]></failure>
    </testCase>
  </file>
  <file path="C:\Users\cristianbetancourth\Desktop\Semillero\Entregables\Mes 3\Jenkins Shraed Libreries\app\react-unit\react-unit\src\__test__\indexOrdersCard.test.js">
    <testCase name="OrdersCard renders with default props" duration="77">
      <failure message="TestingLibraryElementError: Unable to find an element by: [data-testid=&quot;orders-card&quot;]"><![CDATA[TestingLibraryElementError: Unable to find an element by: [data-testid="orders-card"]

Ignored nodes: comments, script, style
<body>
  <div>
    <div
      class="flex justify-between items-center mb-3 border border-black rounded-lg p-4 w-80"
    >
      <div
        class="flex justify-between w-full"
      >
        <p
          class="flex flex-col"
        >
          <span
            class="font-light"
          >
            01.02.23
          </span>
          <span
            class="font-light"
          >
             articles
          </span>
        </p>
        <p
          class="flex items-center gap-2"
        >
          <span
            class="font-medium text-2xl"
          >
            $
            0
          </span>
          <svg
            aria-hidden="true"
            class="h-6 w-6 text-black cursor-pointer"
            data-slot="icon"
            fill="currentColor"
            viewBox="0 0 24 24"
            xmlns="http://www.w3.org/2000/svg"
          >
            <path
              clip-rule="evenodd"
              d="M16.28 11.47a.75.75 0 0 1 0 1.06l-7.5 7.5a.75.75 0 0 1-1.06-1.06L14.69 12 7.72 5.03a.75.75 0 0 1 1.06-1.06l7.5 7.5Z"
              fill-rule="evenodd"
            />
          </svg>
        </p>
      </div>
    </div>
  </div>
</body>
    at Object.getElementError (C:\Users\cristianbetancourth\Desktop\Semillero\Entregables\Mes 3\Jenkins Shraed Libreries\app\react-unit\react-unit\node_modules\@testing-library\dom\dist\config.js:37:19)
    at C:\Users\cristianbetancourth\Desktop\Semillero\Entregables\Mes 3\Jenkins Shraed Libreries\app\react-unit\react-unit\node_modules\@testing-library\dom\dist\query-helpers.js:76:38
    at C:\Users\cristianbetancourth\Desktop\Semillero\Entregables\Mes 3\Jenkins Shraed Libreries\app\react-unit\react-unit\node_modules\@testing-library\dom\dist\query-helpers.js:52:17
    at C:\Users\cristianbetancourth\Desktop\Semillero\Entregables\Mes 3\Jenkins Shraed Libreries\app\react-unit\react-unit\node_modules\@testing-library\dom\dist\query-helpers.js:95:19
    at Object.getByTestId (C:\Users\cristianbetancourth\Desktop\Semillero\Entregables\Mes 3\Jenkins Shraed Libreries\app\react-unit\react-unit\src\__test__\indexOrdersCard.test.js:9:19)
    at Promise.then.completed (C:\Users\cristianbetancourth\Desktop\Semillero\Entregables\Mes 3\Jenkins Shraed Libreries\app\react-unit\react-unit\node_modules\jest-circus\build\utils.js:298:28)
    at new Promise (<anonymous>)
    at callAsyncCircusFn (C:\Users\cristianbetancourth\Desktop\Semillero\Entregables\Mes 3\Jenkins Shraed Libreries\app\react-unit\react-unit\node_modules\jest-circus\build\utils.js:231:10)
    at _callCircusTest (C:\Users\cristianbetancourth\Desktop\Semillero\Entregables\Mes 3\Jenkins Shraed Libreries\app\react-unit\react-unit\node_modules\jest-circus\build\run.js:316:40)
    at processTicksAndRejections (node:internal/process/task_queues:95:5)
    at _runTest (C:\Users\cristianbetancourth\Desktop\Semillero\Entregables\Mes 3\Jenkins Shraed Libreries\app\react-unit\react-unit\node_modules\jest-circus\build\run.js:252:3)
    at _runTestsForDescribeBlock (C:\Users\cristianbetancourth\Desktop\Semillero\Entregables\Mes 3\Jenkins Shraed Libreries\app\react-unit\react-unit\node_modules\jest-circus\build\run.js:126:9)
    at _runTestsForDescribeBlock (C:\Users\cristianbetancourth\Desktop\Semillero\Entregables\Mes 3\Jenkins Shraed Libreries\app\react-unit\react-unit\node_modules\jest-circus\build\run.js:121:9)
    at run (C:\Users\cristianbetancourth\Desktop\Semillero\Entregables\Mes 3\Jenkins Shraed Libreries\app\react-unit\react-unit\node_modules\jest-circus\build\run.js:71:3)
    at runAndTransformResultsToJestFormat (C:\Users\cristianbetancourth\Desktop\Semillero\Entregables\Mes 3\Jenkins Shraed Libreries\app\react-unit\react-unit\node_modules\jest-circus\build\legacy-code-todo-rewrite\jestAdapterInit.js:122:21)
    at jestAdapter (C:\Users\cristianbetancourth\Desktop\Semillero\Entregables\Mes 3\Jenkins Shraed Libreries\app\react-unit\react-unit\node_modules\jest-circus\build\legacy-code-todo-rewrite\jestAdapter.js:79:19)
    at runTestInternal (C:\Users\cristianbetancourth\Desktop\Semillero\Entregables\Mes 3\Jenkins Shraed Libreries\app\react-unit\react-unit\node_modules\jest-runner\build\runTest.js:367:16)
    at runTest (C:\Users\cristianbetancourth\Desktop\Semillero\Entregables\Mes 3\Jenkins Shraed Libreries\app\react-unit\react-unit\node_modules\jest-runner\build\runTest.js:444:34)
    at Object.worker (C:\Users\cristianbetancourth\Desktop\Semillero\Entregables\Mes 3\Jenkins Shraed Libreries\app\react-unit\react-unit\node_modules\jest-runner\build\testWorker.js:106:12)]]></failure>
    </testCase>
    <testCase name="OrdersCard renders with provided props" duration="9">
      <failure message="TestingLibraryElementError: Unable to find an element by: [data-testid=&quot;orders-card&quot;]"><![CDATA[TestingLibraryElementError: Unable to find an element by: [data-testid="orders-card"]

Ignored nodes: comments, script, style
<body>
  <div>
    <div
      class="flex justify-between items-center mb-3 border border-black rounded-lg p-4 w-80"
    >
      <div
        class="flex justify-between w-full"
      >
        <p
          class="flex flex-col"
        >
          <span
            class="font-light"
          >
            01.02.23
          </span>
          <span
            class="font-light"
          >
            3
             articles
          </span>
        </p>
        <p
          class="flex items-center gap-2"
        >
          <span
            class="font-medium text-2xl"
          >
            $
            50
          </span>
          <svg
            aria-hidden="true"
            class="h-6 w-6 text-black cursor-pointer"
            data-slot="icon"
            fill="currentColor"
            viewBox="0 0 24 24"
            xmlns="http://www.w3.org/2000/svg"
          >
            <path
              clip-rule="evenodd"
              d="M16.28 11.47a.75.75 0 0 1 0 1.06l-7.5 7.5a.75.75 0 0 1-1.06-1.06L14.69 12 7.72 5.03a.75.75 0 0 1 1.06-1.06l7.5 7.5Z"
              fill-rule="evenodd"
            />
          </svg>
        </p>
      </div>
    </div>
  </div>
</body>
    at Object.getElementError (C:\Users\cristianbetancourth\Desktop\Semillero\Entregables\Mes 3\Jenkins Shraed Libreries\app\react-unit\react-unit\node_modules\@testing-library\dom\dist\config.js:37:19)
    at C:\Users\cristianbetancourth\Desktop\Semillero\Entregables\Mes 3\Jenkins Shraed Libreries\app\react-unit\react-unit\node_modules\@testing-library\dom\dist\query-helpers.js:76:38
    at C:\Users\cristianbetancourth\Desktop\Semillero\Entregables\Mes 3\Jenkins Shraed Libreries\app\react-unit\react-unit\node_modules\@testing-library\dom\dist\query-helpers.js:52:17
    at C:\Users\cristianbetancourth\Desktop\Semillero\Entregables\Mes 3\Jenkins Shraed Libreries\app\react-unit\react-unit\node_modules\@testing-library\dom\dist\query-helpers.js:95:19
    at Object.getByTestId (C:\Users\cristianbetancourth\Desktop\Semillero\Entregables\Mes 3\Jenkins Shraed Libreries\app\react-unit\react-unit\src\__test__\indexOrdersCard.test.js:25:19)
    at Promise.then.completed (C:\Users\cristianbetancourth\Desktop\Semillero\Entregables\Mes 3\Jenkins Shraed Libreries\app\react-unit\react-unit\node_modules\jest-circus\build\utils.js:298:28)
    at new Promise (<anonymous>)
    at callAsyncCircusFn (C:\Users\cristianbetancourth\Desktop\Semillero\Entregables\Mes 3\Jenkins Shraed Libreries\app\react-unit\react-unit\node_modules\jest-circus\build\utils.js:231:10)
    at _callCircusTest (C:\Users\cristianbetancourth\Desktop\Semillero\Entregables\Mes 3\Jenkins Shraed Libreries\app\react-unit\react-unit\node_modules\jest-circus\build\run.js:316:40)
    at processTicksAndRejections (node:internal/process/task_queues:95:5)
    at _runTest (C:\Users\cristianbetancourth\Desktop\Semillero\Entregables\Mes 3\Jenkins Shraed Libreries\app\react-unit\react-unit\node_modules\jest-circus\build\run.js:252:3)
    at _runTestsForDescribeBlock (C:\Users\cristianbetancourth\Desktop\Semillero\Entregables\Mes 3\Jenkins Shraed Libreries\app\react-unit\react-unit\node_modules\jest-circus\build\run.js:126:9)
    at _runTestsForDescribeBlock (C:\Users\cristianbetancourth\Desktop\Semillero\Entregables\Mes 3\Jenkins Shraed Libreries\app\react-unit\react-unit\node_modules\jest-circus\build\run.js:121:9)
    at run (C:\Users\cristianbetancourth\Desktop\Semillero\Entregables\Mes 3\Jenkins Shraed Libreries\app\react-unit\react-unit\node_modules\jest-circus\build\run.js:71:3)
    at runAndTransformResultsToJestFormat (C:\Users\cristianbetancourth\Desktop\Semillero\Entregables\Mes 3\Jenkins Shraed Libreries\app\react-unit\react-unit\node_modules\jest-circus\build\legacy-code-todo-rewrite\jestAdapterInit.js:122:21)
    at jestAdapter (C:\Users\cristianbetancourth\Desktop\Semillero\Entregables\Mes 3\Jenkins Shraed Libreries\app\react-unit\react-unit\node_modules\jest-circus\build\legacy-code-todo-rewrite\jestAdapter.js:79:19)
    at runTestInternal (C:\Users\cristianbetancourth\Desktop\Semillero\Entregables\Mes 3\Jenkins Shraed Libreries\app\react-unit\react-unit\node_modules\jest-runner\build\runTest.js:367:16)
    at runTest (C:\Users\cristianbetancourth\Desktop\Semillero\Entregables\Mes 3\Jenkins Shraed Libreries\app\react-unit\react-unit\node_modules\jest-runner\build\runTest.js:444:34)
    at Object.worker (C:\Users\cristianbetancourth\Desktop\Semillero\Entregables\Mes 3\Jenkins Shraed Libreries\app\react-unit\react-unit\node_modules\jest-runner\build\testWorker.js:106:12)]]></failure>
    </testCase>
  </file>
  <file path="C:\Users\cristianbetancourth\Desktop\Semillero\Entregables\Mes 3\Jenkins Shraed Libreries\app\react-unit\react-unit\src\__test__\indexApp.test.js">
  </file>
</testExecutions>